<?xml version="1.0" encoding="UTF-8"?>
<!-- Generated by org.testng.reporters.JUnitReportReporter -->
<testsuite skipped="0" hostname="DESKTOP-JGBJ53E" name="test.pageobjects.LogInPageTest" tests="4" failures="0" timestamp="31 Dec 2018 04:52:41 GMT" time="107.790" errors="0">
  <testcase name="invalidSignIn" time="22.421" classname="test.pageobjects.LogInPageTest"/>
  <testcase name="invalidSignIn" time="30.138" classname="test.pageobjects.LogInPageTest"/>
  <testcase name="invalidSigninByGoogleSheetApi" time="23.951" classname="test.pageobjects.LogInPageTest"/>
  <testcase name="invalidSignIn" time="31.280" classname="test.pageobjects.LogInPageTest"/>
</testsuite> <!-- test.pageobjects.LogInPageTest -->
