<?xml version="1.0" encoding="UTF-8"?>
<!-- Generated by org.testng.reporters.JUnitReportReporter -->
<testsuite skipped="0" hostname="DESKTOP-JGBJ53E" name="test.pageobjects.TestLogIn" tests="5" failures="0" timestamp="31 Dec 2018 04:52:41 GMT" time="82.020" errors="0">
  <testcase name="passwordTest" time="14.530" classname="test.pageobjects.TestLogIn"/>
  <testcase name="signInButtonTest" time="23.128" classname="test.pageobjects.TestLogIn"/>
  <testcase name="emailTest" time="9.307" classname="test.pageobjects.TestLogIn"/>
  <testcase name="loginTest" time="20.490" classname="test.pageobjects.TestLogIn"/>
  <testcase name="completeLoginTest" time="14.565" classname="test.pageobjects.TestLogIn"/>
</testsuite> <!-- test.pageobjects.TestLogIn -->
