<?xml version="1.0" encoding="UTF-8"?>
<!-- Generated by org.testng.reporters.JUnitReportReporter -->
<testsuite skipped="0" hostname="DESKTOP-JGBJ53E" name="test.pageobjects.TestNavigationBarLink" tests="7" failures="0" timestamp="31 Dec 2018 04:52:41 GMT" time="141.665" errors="0">
  <testcase name="yourAmazonTest" time="9.227" classname="test.pageobjects.TestNavigationBarLink"/>
  <testcase name="helpTest" time="12.339" classname="test.pageobjects.TestNavigationBarLink"/>
  <testcase name="wholeFoodsTest" time="23.814" classname="test.pageobjects.TestNavigationBarLink"/>
  <testcase name="yearEndDealsTest" time="17.095" classname="test.pageobjects.TestNavigationBarLink"/>
  <testcase name="giftcards" time="22.856" classname="test.pageobjects.TestNavigationBarLink"/>
  <testcase name="registryTest" time="28.111" classname="test.pageobjects.TestNavigationBarLink"/>
  <testcase name="sellTest" time="28.223" classname="test.pageobjects.TestNavigationBarLink"/>
</testsuite> <!-- test.pageobjects.TestNavigationBarLink -->
