<?xml version="1.0" encoding="UTF-8"?>
<!-- Generated by org.testng.reporters.JUnitReportReporter -->
<testsuite skipped="0" hostname="DESKTOP-JGBJ53E" name="test.pageobjects.TestSearchBox" tests="4" failures="0" timestamp="31 Dec 2018 04:52:41 GMT" time="53.916" errors="0">
  <testcase name="dropdownListTest" time="11.893" classname="test.pageobjects.TestSearchBox"/>
  <testcase name="searchBoxTextTest" time="11.181" classname="test.pageobjects.TestSearchBox"/>
  <testcase name="searchBoxTest" time="15.649" classname="test.pageobjects.TestSearchBox"/>
  <testcase name="searchIconTest" time="15.193" classname="test.pageobjects.TestSearchBox"/>
</testsuite> <!-- test.pageobjects.TestSearchBox -->
