<?xml version="1.0" encoding="UTF-8"?>
<!-- Generated by org.testng.reporters.JUnitReportReporter -->
<testsuite skipped="1" hostname="DESKTOP-JGBJ53E" name="test.pageobjects.TestFooterTopLinks" tests="6" failures="0" timestamp="31 Dec 2018 04:52:41 GMT" time="52.202" errors="0">
  <testcase name="makeMoneyWithUsTest" time="9.870" classname="test.pageobjects.TestFooterTopLinks"/>
  <testcase name="laguageTabTest" time="11.286" classname="test.pageobjects.TestFooterTopLinks"/>
  <testcase name="getToKnowUsTest" time="11.119" classname="test.pageobjects.TestFooterTopLinks"/>
  <testcase name="letUsHelpYouTest" time="9.310" classname="test.pageobjects.TestFooterTopLinks"/>
  <testcase name="amazonPaymentProductsTest" time="10.617" classname="test.pageobjects.TestFooterTopLinks"/>
  <testcase name="countryTabTest" time="0.000" classname="test.pageobjects.TestFooterTopLinks">
    <skipped/>
  </testcase> <!-- countryTabTest -->
</testsuite> <!-- test.pageobjects.TestFooterTopLinks -->
